 
****************************************
Report : clocks
Design : SYS_TOP_dft
Version: K-2015.06
Date   : Thu Aug 15 19:51:53 2024
****************************************

Attributes:
    d - dont_touch_network
    f - fix_hold
    p - propagated_clock
    G - generated_clock
    g - lib_generated_clock

Clock          Period   Waveform            Attrs     Sources
--------------------------------------------------------------------------------
ALU_CLK         20.00   {0 10}              G         {U0_ALU/CLK}
REF_CLK         20.00   {0 10}                        {REF_CLK}
RX_CLK         271.30   {0 10}              G         {U0_UART/RX_CLK}
TX_CLK        8681.60   {0 4340.8}          G         {U0_UART/TX_CLK}
UART_CLK       271.30   {0 10}                        {UART_CLK}
--------------------------------------------------------------------------------

Generated     Master         Generated      Master         Waveform
Clock         Source         Source         Clock          Modification
--------------------------------------------------------------------------------
ALU_CLK       REF_CLK        {U0_ALU/CLK}   REF_CLK        divide_by(1)
RX_CLK        UART_CLK       {U0_UART/RX_CLK}
                                            UART_CLK       divide_by(1)
TX_CLK        UART_CLK       {U0_UART/TX_CLK}
                                            UART_CLK       divide_by(32)
--------------------------------------------------------------------------------
1
